# JRE version: OpenJDK Runtime Environment (8.0_152-b02) (build 1.8.0_152-release-1024-b02)
# Java VM: OpenJDK 64-Bit Server VM (25.152-b02 mixed mode windows-amd64 compressed oops)
Heap:
 PSYoungGen      total 457216K, used 214931K [0x00000000e0000000, 0x00000000ffa00000, 0x0000000100000000)
  eden space 403456K, 50% used [0x00000000e0000000,0x00000000ec726110,0x00000000f8a00000)
  from space 53760K, 20% used [0x00000000fc580000,0x00000000fd03eda0,0x00000000ffa00000)
  to   space 57344K, 0% used [0x00000000f8a00000,0x00000000f8a00000,0x00000000fc200000)
 ParOldGen       total 250368K, used 93321K [0x00000000a0000000, 0x00000000af480000, 0x00000000e0000000)
  object space 250368K, 37% used [0x00000000a0000000,0x00000000a5b22578,0x00000000af480000)
 Metaspace       used 116647K, capacity 124553K, committed 124800K, reserved 1157120K
  class space    used 14918K, capacity 16392K, committed 16512K, reserved 1048576K
GC Heap History (10 events):
Event: 9402.017 GC heap before
{Heap before GC invocations=33 (full 4):
 PSYoungGen      total 459264K, used 439145K [0x00000000e0000000, 0x0000000100000000, 0x0000000100000000)
  eden space 401920K, 100% used [0x00000000e0000000,0x00000000f8880000,0x00000000f8880000)
  from space 57344K, 64% used [0x00000000fc300000,0x00000000fe75a520,0x00000000ffb00000)
  to   space 59904K, 0% used [0x00000000f8880000,0x00000000f8880000,0x00000000fc300000)
 ParOldGen       total 269824K, used 245440K [0x00000000a0000000, 0x00000000b0780000, 0x00000000e0000000)
  object space 269824K, 90% used [0x00000000a0000000,0x00000000aefb0098,0x00000000b0780000)
 Metaspace       used 101824K, capacity 108659K, committed 108928K, reserved 1144832K
  class space    used 13082K, capacity 14361K, committed 14464K, reserved 1048576K
Event: 9402.053 GC heap after
Heap after GC invocations=33 (full 4):
 PSYoungGen      total 461824K, used 10530K [0x00000000e0000000, 0x00000000ffe80000, 0x0000000100000000)
  eden space 401920K, 0% used [0x00000000e0000000,0x00000000e0000000,0x00000000f8880000)
  from space 59904K, 17% used [0x00000000f8880000,0x00000000f92c8b08,0x00000000fc300000)
  to   space 57856K, 0% used [0x00000000fc600000,0x00000000fc600000,0x00000000ffe80000)
 ParOldGen       total 269824K, used 259512K [0x00000000a0000000, 0x00000000b0780000, 0x00000000e0000000)
  object space 269824K, 96% used [0x00000000a0000000,0x00000000afd6e230,0x00000000b0780000)
 Metaspace       used 101824K, capacity 108659K, committed 108928K, reserved 1144832K
  class space    used 13082K, capacity 14361K, committed 14464K, reserved 1048576K
}
Event: 9402.053 GC heap before
{Heap before GC invocations=34 (full 5):
 PSYoungGen      total 461824K, used 10530K [0x00000000e0000000, 0x00000000ffe80000, 0x0000000100000000)
  eden space 401920K, 0% used [0x00000000e0000000,0x00000000e0000000,0x00000000f8880000)
  from space 59904K, 17% used [0x00000000f8880000,0x00000000f92c8b08,0x00000000fc300000)
  to   space 57856K, 0% used [0x00000000fc600000,0x00000000fc600000,0x00000000ffe80000)
 ParOldGen       total 269824K, used 259512K [0x00000000a0000000, 0x00000000b0780000, 0x00000000e0000000)
  object space 269824K, 96% used [0x00000000a0000000,0x00000000afd6e230,0x00000000b0780000)
 Metaspace       used 101824K, capacity 108659K, committed 108928K, reserved 1144832K
  class space    used 13082K, capacity 14361K, committed 14464K, reserved 1048576K
Event: 9402.285 GC heap after
Heap after GC invocations=34 (full 5):
 PSYoungGen      total 461824K, used 0K [0x00000000e0000000, 0x00000000ffe80000, 0x0000000100000000)
  eden space 401920K, 0% used [0x00000000e0000000,0x00000000e0000000,0x00000000f8880000)
  from space 59904K, 0% used [0x00000000f8880000,0x00000000f8880000,0x00000000fc300000)
  to   space 57856K, 0% used [0x00000000fc600000,0x00000000fc600000,0x00000000ffe80000)
 ParOldGen       total 250368K, used 83258K [0x00000000a0000000, 0x00000000af480000, 0x00000000e0000000)
  object space 250368K, 33% used [0x00000000a0000000,0x00000000a514e808,0x00000000af480000)
 Metaspace       used 100748K, capacity 107157K, committed 108928K, reserved 1144832K
  class space    used 12878K, capacity 14082K, committed 14464K, reserved 1048576K
}
Event: 9408.989 GC heap before
{Heap before GC invocations=35 (full 5):
 PSYoungGen      total 461824K, used 401920K [0x00000000e0000000, 0x00000000ffe80000, 0x0000000100000000)
  eden space 401920K, 100% used [0x00000000e0000000,0x00000000f8880000,0x00000000f8880000)
  from space 59904K, 0% used [0x00000000f8880000,0x00000000f8880000,0x00000000fc300000)
  to   space 57856K, 0% used [0x00000000fc600000,0x00000000fc600000,0x00000000ffe80000)
 ParOldGen       total 250368K, used 83258K [0x00000000a0000000, 0x00000000af480000, 0x00000000e0000000)
  object space 250368K, 33% used [0x00000000a0000000,0x00000000a514e808,0x00000000af480000)
 Metaspace       used 114271K, capacity 121515K, committed 121728K, reserved 1155072K
  class space    used 14563K, capacity 15939K, committed 16000K, reserved 1048576K
Event: 9409.067 GC heap after
Heap after GC invocations=35 (full 5):
 PSYoungGen      total 460288K, used 37974K [0x00000000e0000000, 0x0000000100000000, 0x0000000100000000)
  eden space 402432K, 0% used [0x00000000e0000000,0x00000000e0000000,0x00000000f8900000)
  from space 57856K, 65% used [0x00000000fc600000,0x00000000feb15b68,0x00000000ffe80000)
  to   space 60928K, 0% used [0x00000000f8900000,0x00000000f8900000,0x00000000fc480000)
 ParOldGen       total 250368K, used 83274K [0x00000000a0000000, 0x00000000af480000, 0x00000000e0000000)
  object space 250368K, 33% used [0x00000000a0000000,0x00000000a5152808,0x00000000af480000)
 Metaspace       used 114271K, capacity 121515K, committed 121728K, reserved 1155072K
  class space    used 14563K, capacity 15939K, committed 16000K, reserved 1048576K
}
Event: 9413.081 GC heap before
{Heap before GC invocations=36 (full 5):
 PSYoungGen      total 460288K, used 439782K [0x00000000e0000000, 0x0000000100000000, 0x0000000100000000)
  eden space 402432K, 99% used [0x00000000e0000000,0x00000000f8863ee0,0x00000000f8900000)
  from space 57856K, 65% used [0x00000000fc600000,0x00000000feb15b68,0x00000000ffe80000)
  to   space 60928K, 0% used [0x00000000f8900000,0x00000000f8900000,0x00000000fc480000)
 ParOldGen       total 250368K, used 83274K [0x00000000a0000000, 0x00000000af480000, 0x00000000e0000000)
  object space 250368K, 33% used [0x00000000a0000000,0x00000000a5152808,0x00000000af480000)
 Metaspace       used 115588K, capacity 123131K, committed 123264K, reserved 1157120K
  class space    used 14765K, capacity 16209K, committed 16256K, reserved 1048576K
Event: 9413.115 GC heap after
Heap after GC invocations=36 (full 5):
 PSYoungGen      total 463360K, used 5079K [0x00000000e0000000, 0x0000000100000000, 0x0000000100000000)
  eden space 402432K, 0% used [0x00000000e0000000,0x00000000e0000000,0x00000000f8900000)
  from space 60928K, 8% used [0x00000000f8900000,0x00000000f8df5e28,0x00000000fc480000)
  to   space 59904K, 0% used [0x00000000fc580000,0x00000000fc580000,0x0000000100000000)
 ParOldGen       total 250368K, used 92792K [0x00000000a0000000, 0x00000000af480000, 0x00000000e0000000)
  object space 250368K, 37% used [0x00000000a0000000,0x00000000a5a9e038,0x00000000af480000)
 Metaspace       used 115588K, capacity 123131K, committed 123264K, reserved 1157120K
  class space    used 14765K, capacity 16209K, committed 16256K, reserved 1048576K
}
Event: 9803.560 GC heap before
{Heap before GC invocations=37 (full 5):
 PSYoungGen      total 463360K, used 407511K [0x00000000e0000000, 0x0000000100000000, 0x0000000100000000)
  eden space 402432K, 100% used [0x00000000e0000000,0x00000000f8900000,0x00000000f8900000)
  from space 60928K, 8% used [0x00000000f8900000,0x00000000f8df5e28,0x00000000fc480000)
  to   space 59904K, 0% used [0x00000000fc580000,0x00000000fc580000,0x0000000100000000)
 ParOldGen       total 250368K, used 92792K [0x00000000a0000000, 0x00000000af480000, 0x00000000e0000000)
  object space 250368K, 37% used [0x00000000a0000000,0x00000000a5a9e038,0x00000000af480000)
 Metaspace       used 116594K, capacity 124495K, committed 124800K, reserved 1157120K
  class space    used 14913K, capacity 16385K, committed 16512K, reserved 1048576K
Event: 9803.573 GC heap after
Heap after GC invocations=37 (full 5):
 PSYoungGen      total 457216K, used 11003K [0x00000000e0000000, 0x00000000ffa00000, 0x0000000100000000)
  eden space 403456K, 0% used [0x00000000e0000000,0x00000000e0000000,0x00000000f8a00000)
  from space 53760K, 20% used [0x00000000fc580000,0x00000000fd03eda0,0x00000000ffa00000)
  to   space 57344K, 0% used [0x00000000f8a00000,0x00000000f8a00000,0x00000000fc200000)
 ParOldGen       total 250368K, used 93321K [0x00000000a0000000, 0x00000000af480000, 0x00000000e0000000)
  object space 250368K, 37% used [0x00000000a0000000,0x00000000a5b22578,0x00000000af480000)
 Metaspace       used 116594K, capacity 124495K, committed 124800K, reserved 1157120K
  class space    used 14913K, capacity 16385K, committed 16512K, reserved 1048576K
}

